<?xml version="1.0" encoding="UTF-8"?>
<!-- Generated by org.testng.reporters.JUnitReportReporter -->
<testsuite hostname="DESKTOP-3FNGNVP" failures="0" tests="1" name="Login.login_Simpler" time="2.531" errors="0" timestamp="2023-04-11T13:52:23 IST" skipped="0">
  <testcase classname="Login.login_Simpler" name="login" time="2.531"/>
  <system-out/>
</testsuite> <!-- Login.login_Simpler -->
